    1  ip addr
    2  ifup ens3
    3  ls /etc/sysconfig/network-scripts/
    4  cat /etc/sysconfig/network-scripts/ifcfg-eth0 
    5  cp /etc/sysconfig/network-scripts/ifcfg-eth0 /etc/sysconfig/network-scripts/ifcfg-ens3
    6  vim /etc/sysconfig/network-scripts/ifcfg-ens3
    7  vi /etc/sysconfig/network-scripts/ifcfg-ens3
    8  ifup ens3
    9  ip addr
   10  yum repolist
   11  ip a s
   12  reboot
   13  visudo 
   14  systemctl status sshd
   15  systemctl start sshd
   16  chattr -i /etc/ssh/sshd_config 
   17  systemctl start sshd
   18  systemctl status sshd
   19  vi /etc/ssh/sshd_config
   20  tail /var/log/messages 
   21  restorecon /etc/ssh/sshd_config 
   22  systemctl start sshd
   23  systemctl status sshd
   24  ip a s
   25  ifup eth1
   26  vim /etc/sysconfig/network-scripts/ifcfg-ens3 
   27  mv /etc/sysconfig/network-scripts/ifcfg-ens3 /etc/sysconfig/network-scripts/ifcfg-eth1
   28  ifup eth1
   29  ip a s
   30  ping google.com
   31  ip a s
   32  ls /etc/yum.repos.d/
   33  yum -y update
   34  yum -y install openstack-packstack
   35  packstack --gen-answer-file /root/answers.txt
   36  vim answers.txt 
   37  ssh neutron
   38  ssh compute1
   39  ssh compute2
   40  ssh 10.0.0.11
   41  ssh 10.0.0.12
   42  ssh 10.0.0.13
   43  ssh 10.0.0.10
   44  packstack --answer-file /root/answers.txt 
   45  ls
   46  . keystonerc_admin 
   47  openstack-status 
   48  . keystonerc_admin 
   49  openstack-status 
   50  cat keystonerc_admin 
   51  cat keystonerc_demo 
   52  vim keystonerc_demo
   53  vim keystonerc_admin 
   54  vim answers.txt 
   55  . keystonerc_admin 
   56  openstack-status 
   57  ip route show
   58  su centos
   59  cat .ssh/id_rsa.pub 
   60  ssh localhost
   61  cat .ssh/authorized_keys 
   62  exit
   63  cp /home/centos/.ssh/id_rsa .ssh/id_rsa
   64  ssh localhost
   65  ssh compute1
   66  diff /home/centos/.ssh/id_rsa .ssh/id_rsa
   67  cp /home/centos/.ssh/id_rsa.pub .ssh/id_rsa.pub
   68  ssh compute1
   69  ssh compute2
   70  ssh neutron
   71  exit
   72  passwd
   73  ssh compute1
   74  su centos
   75  ls
   76  vim .ssh/config 
   77  cat .ssh/id_rsa.pub 
   78  su centos
   79  ssh compute1
   80  ssh compute1 -vvv
   81  ssh centos@compute1 -vvv
   82  exit
   83  nova-mandage service list
   84  nova-manage service list
   85  nova-manage service list | sort 
   86  source keystonerc_admin 
   87  nova
   88  nova service-list
   89  nova service-delete 1
   90  nova service-list
   91  nova service-delete 7
   92  nova service-delete 8
   93  nova service-delete 9
   94  nova service-delete 10
   95  nova service-delete 11
   96  nova service-delete 12
   97  nova service-delete 13
   98  exit
   99  ssh compute1
  100  source keystonerc_admin 
  101  nova service-list 
  102  reboot
  103  nova-manage service list | sort
  104  hostname
  105  cat /etc/hostname 
  106  . keystonerc_admin 
  107  nova service-list
  108  nova service-delete 2
  109  nova service-delete 3
  110  nova service-delete 4
  111  ssh compute1
  112  ssh compute2
  113  nova service-list
  114  horizon
  115  vim keystonerc_admin 
  116  nova service-list
  117  nova service-delete 5
  118  nova service-delete 6
  119  ssh compute2
  120  ssh compute1
  121  sudo reboot
  122  nova flavor-list
  123  keystone tenant-list
  124  nova --os-auth-url=http://192.168.0.10:5000/v2.0 --os-tenant-name=admin --os-user-name=admin --os-password=alta3 flavor-list
  125  hto
  126  htop
  127  exit
  128  tail -f /var/log/nova/nova-novncproxy.log 
  129  netstat -an | 6080
  130  netstat -an | grep 6080
  131  exit
  132  ansible openstack -i hosts -m command -a "ip addr"
  133  ansible openstack -i hosts -m command -a "whoami"
  134  exit
  135  nova-manage service list | sort
  136  exit
  137  nova-manage service list | sort
  138  source keystonerc_admin 
  139  nova service-list
  140  nova service-delete 21
  141  nova service-list
  142  nova-manage service list | sor
  143  hostname
  144  nova service-list
  145  nova service-delete 19
  146  nova service-delete 20
  147  nova service-delete 22
  148  nova service-delete 23
  149  nova service-list
  150  nova service-delete 24
  151  nova service-list
  152  exit
  153  url -s -X POST http://192.168.0.10:5000/v2.0/token
  154  curl -s -X POST http://192.168.0.10:5000/v2.0/tokens           -H "Content-Type: application/json"           -d '{"auth":{"tenantName":"admin","passwordCredentials":{"username":"admin","password":"alta3"}}}'
  155  curl -s -X POST http://192.168.0.10:5000/v2.0/tokens           -H "Content-Type: application/json"           -d '{"auth":{"tenantName":"admin","passwordCredentials":{"username":"admin","password":"alta3"}}}' | less
  156  curl -s -X POST http://192.168.0.10:5000/v2.0/tokens           -H "Content-Type: application/json"           -d '{"auth":{"tenantName":"admin","passwordCredentials":{"username":"admin","password":"alta3"}}}' | pretty
  157  curl -s -X POST http://192.168.0.10:5000/v2.0/tokens           -H "Content-Type: application/json"           -d '{"auth":{"tenantName":"admin","passwordCredentials":{"username":"admin","password":"alta3"}}}' | python -m json.tool
  158  curl -s -X POST http://192.168.0.10:5000/v2.0/tokens           -H "Content-Type: application/json"           -d '{"auth":{"tenantName":"admin","passwordCredentials":{"username":"admin","password":"alta3"}}}' | python -m json.tool | less
  159  curl -X POST http://192.168.0.10:5000/v2.0/tokens           -H "Content-Type: application/json"           -d '{"auth":{"tenantName":"admin","passwordCredentials":{"username":"admin","password":"alta3"}}}' | python -m json.tool | less
  160  curl -X POST http://192.168.0.10:5000/v2.0/tokens           -H "Content-Type: application/jjson"           -d '{"auth":{"tenantName":"admin","passwordCredentials":{"username":"admin","password":"alta3"}}}' | python -m json.tool | less
  161  curl -X POST http://192.168.0.10:5000/v2.0/tokens           -H "Content-Type: application/json"           -d '{"auth":{"tenantName":"admin","passwordCredentials":{"username":"admin","password":"alta33"}}}' | python -m json.tool | less
  162  curl -X POST http://192.168.0.10:5000/v2.0/tokens           -H "Content-Type: application/json"           -d '{"auth":{"tenantName":"admin","passwordCredentials":{"username":"admin","password":"alta3"}}}' | python -m json.tool | less
  163  curl -X POST http://192.168.0.10:5000/v2.0/tokens           -H "Content-Type: application/json"           -d '{"auth":{"tenantName":"admin","passwordCredentials":{"username":"admin","password":"alta3"}}}' | python -m json.tool
  164  curl -X POST http://192.168.0.10:5000/v2.0/tokens             -d '{"auth":{"tenantName":"admin","passwordCredentials":{"username":"admin","password":"alta3"}}}' | python -m json.tool
  165  curl -X POST http://192.168.0.10:5000/v2.0/tokens           -H "Content-Type: application/json"           -d '{"auth":{"tenantName":"admin","passwordCredentials":{"username":"admin","password":"alta3"}}}' | python -m json.tool
  166  curl -X POST http://192.168.0.10:5000/v2.0/tokens  -i         -H "Content-Type: application/json"           -d '{"auth":{"tenantName":"admin","passwordCredentials":{"username":"admin","password":"alta3"}}}' | python -m json.tool
  167  curl -X -i POST http://192.168.0.10:5000/v2.0/tokens         -H "Content-Type: application/json"           -d '{"auth":{"tenantName":"admin","passwordCredentials":{"username":"admin","password":"alta3"}}}' | python -m json.tool
  168  curl -X POST http://192.168.0.10:5000/v2.0/tokens  -i         -H "Content-Type: application/json"           -d '{"auth":{"tenantName":"admin","passwordCredentials":{"username":"admin","password":"alta3"}}}' | python -m json.tool
  169  curl -X POST http://192.168.0.10:5000/v2.0/tokens           -H "Content-Type: application/json"           -d '{"auth":{"tenantName":"admin","passwordCredentials":{"username":"admin","password":"alta3"}}}' | python -m json.tool | less
  170  curl -X -i POST http://192.168.0.10:5000/v2.0/tokens           -H "Content-Type: application/json"           -d '{"auth":{"tenantName":"admin","passwordCredentials":{"username":"admin","password":"alta3"}}}' | python -m json.tool | less
  171  curl -i -X POST http://192.168.0.10:5000/v2.0/tokens           -H "Content-Type: application/json"           -d '{"auth":{"tenantName":"admin","passwordCredentials":{"username":"admin","password":"alta3"}}}' | python -m json.tool | less
  172  curl -v -X POST http://192.168.0.10:5000/v2.0/tokens           -H "Content-Type: application/json"           -d '{"auth":{"tenantName":"admin","passwordCredentials":{"username":"admin","password":"alta3"}}}' | python -m json.tool | less
  173  curl -v -X POST http://192.168.0.10:5000/v2.0/tokens           -H "Content-Type: application/json"           -d '{"auth":{"tenantName":"admin","passwordCredentials":{"username":"admin","password":"alta3"}}}'
  174  q
  175  curl -v -X POST http://192.168.0.10:5000/v2.0/tokens -H "Content-Type: application/json" -d '{"auth":{"tenantName":"admin","passwordCredentials":{"username":"admin","password":"alta3"}}}'
  176  source keystonerc_admin 
  177  nova flavor --help
  178  nova help flavor
  179  nova --help flavor
  180  nova --help flavor | less
  181  nova help
  182  nova help flavor*
  183  nova help flavor.*
  184  nova help --flavor.*
  185  nova help flavor-list
  186  nova flavor-list
  187  nova flavor-create custom.shrimpy 6 512 2 1
  188  nova help flavor-create
  189  nova flavor-list
  190  [root@controller ~(keystone_admin)]# nova flavor-list
  191  +----+----------------+-----------+------+-----------+------+-------+-------------+-----------+
  192  | ID | Name           | Memory_MB | Disk | Ephemeral | Swap | VCPUs | RXTX_Factor | Is_Public |
  193  +----+----------------+-----------+------+-----------+------+-------+-------------+-----------+
  194  | 1  | m1.tiny        | 512       | 1    | 0         |      | 1     | 1.0         | True      |
  195  | 2  | m1.small       | 2048      | 20   | 0         |      | 1     | 1.0         | True      |
  196  | 3  | m1.medium      | 4096      | 40   | 0         |      | 2     | 1.0         | True      |
  197  | 4  | m1.large       | 8192      | 80   | 0         |      | 4     | 1.0         | True      |
  198  | 5  | m1.xlarge      | 16384     | 160  | 0         |      | 8     | 1.0         | True      |
  199  | 6  | custom.shrimpy | 512       | 2    | 0         |      | 1     | 1.0         | True      |
  200  +----+----------------+-----------+------+-----------+------+-------+-------------+-----------+
  201  sourc keystonerc_aliceanderson
  202  exit
  203  ssh compute1
  204  ssh compute2
  205  ls
  206  nova-manage service list | sort
  207  ssh compute1 
  208  hostname
  209  source keystonerc_admin
  210  keystone catalog | less
  211  keystone-manage --version
  212  nova-manage --version
  213  glance-manage --version
  214  nova service-list
  215  keystone catalog | less
  216  nova service-list
  217  nova-manage service list | sort
  218  keystone-manage --version
  219  nova-manage --version
  220  glance-manage --version
  221  # hi
  222  # Hey there
  223  keystone tenant-create --name vault_tek
  224  keystone user-create --name chestercopperpot --tenant vault_tek --pass pa55w0rd --email chester@vault_tek.example
  225  keystone-manage --version
  226  keystone tenant-list
  227  keystone user-list
  228  chestercopperpot:fa5tpa55w0rd
  229  nova-manage service list | sort
  230  sccreen
  231  screen
  232  screen -ls
  233  screen
  234  screen -x
  235  screen -ls
  236  screen -x
  237  tail -f /var/log/messages
  238  tail -f /var/log/secure
  239  service sshd restart
  240  service httpd restart
  241  ip route
  242  ls
  243  nova-manage server list | sort
  244  nova-manage service list | sort
  245  cd
  246  ls -la
  247  nova-manage --version
  248  source keystonerc_admin
  249  nova-manage --version
  250  exit
  251  nova-manage service list
  252  ls -ltr
  253  nova-manage service list | sort
  254  whoami
  255  nova-manage service list | sort
  256  cd
  257  source keystonerc_admin
  258  nova service-list
  259  nova-manage --version
  260  ls
  261  exit
  262  nova-manage service list | sort
  263  ls -la
  264  pwd
  265  cd
  266  pwd
  267  more keystonerc_admin
  268  source keystonerc_admin
  269  keystone catalog| less
  270  nova service-list
  271  nova-manage service list | sort
  272  clear
  273  keystone catalog| less
  274  source keystonerc_admin
  275  keystone catalog| less
  276  nova service-list
  277  keystone-manage --version
  278  nova-manage --version
  279  glance-manage --version
  280  ls
  281  ls -la
  282  keystone tenant-create --name vault_tek
  283  keystone user-create --name chestercopperpot --tennat vault_tek --pass fat5pa55w0rd --email chester@vault_tek.example
  284  keystone user-create --name chestercopperpot --tenant vault_tek --pass fat5pa55w0rd --email chester@vault_tek.example
  285  keystone tenant-list
  286  keystone user-list
  287  keystone user-create --name chestercopperpot --tenant vault_tek --pass fa5tpa55w0rd --email chester@vault_tek.example
  288  find / -name 'policy.json'
  289  cat /etc/cinder/policy.json | less
  290  keystone role-list
  291  keystone role-create --name ultra_admin
  292  keystone tenant-list
  293  keystone user-role-add --user aliceanderson --role ultra_admin --tenant acme_inc
  294  keystone user-role-add --user aliceanderson --role ultra_admin --tenant 22e243c87dc44a72b2132f8ced193731
  295  keystone user=role-list 
  296  keystone user=role-list  --user aliceanderson
  297  keystone user=role-list  --user aliceanderson --tenant
  298  keystone user=role-list  --user aliceanderson --tenant 22e243c87dc44a72b2132f8ced193731
  299  keystone --user-list
  300  keystone role-list
  301  keystone user-list
  302  keystone tenant-list
  303  keystone user-role-add --user aliceanderson --role ultra_admin --tenant 22e243c87dc44a72b2132f8ced193731
  304  keystone user-role-add --user aliceanderson --role ultra_admin --tenant ca0997eb9c7f4ce6b40e24429afbbb08
  305  openstack
  306  exit
  307  ls
  308  exit
  309  nova flavor-list
  310  keystone flavor-list
  311  exit
  312  ls -la
  313  nova flavor-list
  314  nova --os-auth-url=http://192.168.0.10:5000/v2.0 --os-tenant-name=admin --os-user-name=admin --os-password=alta3 flavor-list
  315  nova -h | grep os-auth-url
  316  nova --os-auth-url=http://192.168.0.10:5000/v2.0 --os-tenant-name=admin --os-user-name=admin --os-password=alta3 flavor-list --debug
  317  nova --os-auth-url=http://192.168.0.10:5000/v2.0 --os-tenant-name=admin --os-user-name=admin --os-password=alta3 --debug flavor-list
  318  nova --os-auth-url=http://192.168.0.10:5000/v2.0 --os-tenant-name=admin --os-user-name=admin --os-password=alta3 --debug flavor-list > kuo_out_debug
  319  ls -la
  320  vi kuo_out_debug 
  321  rm kuo_out_debug 
  322  nova --os-auth-url=http://192.168.0.10:5000/v2.0 --os-tenant-name=admin --os-user-name=admin --os-password=alta3 --debug flavor-list | less
  323  nova --os-auth-url=http://192.168.0.10:5000/v2.0 --os-tenant-name=admin --os-user-name=admin --os-password=alta3 --debug flavor-list | more
  324  prinenv
  325  printenv
  326  [
  327  source keystonerc_admin
  328  nova flavor-list
  329  keystone tenant-create --name temp_tenant
  330  keystone tenant-list
  331  keystone useer-list
  332  keystone user-list
  333  keystone user-get chestercopperpot
  334  pwd
  335  cp keystonerc_admin keystonerc_chestercopperpot
  336  vi keystonerc_chestercopperpot 
  337  ls -l
  338  source keystonerc_chestercopperpot 
  339  printenv | grep OS_
  340  nova flavor-list
  341  keystone tenant-list
  342  cp keystonerc_admin keystonerc_aliceanderson
  343  vi keystonerc_aliceanderson 
  344  ls -ltr
  345  cp keystonerc_admin keystonerc_bobbarker
  346  vi keystonerc_bobbarker 
  347  source keystonerc_admin
  348  keystone user-create --name dorisday --tenant vault_tek --pass fa5tpa55w0rd --email dorisday@vault_tek.example
  349  cp keystonerc_aliceanderson keystonerc_dorsiday
  350  vi keystonerc_dorsiday 
  351  curl -s -X POST http://192.168.0.10:5000/v2.0/tokens -H "Content-Type: application/json" -d '{"auth":{"tenantName":"admin","passwordCredentials":{"username":"admin","password":"alta3"}}}' | python -m json.tool | less
  352  curl -s -X POST http://192.168.0.10:5000/v2.0/tokens -H "Content-Type: application/json" -d '{"auth":{"tenantName":"admin","passwordCredentials":{"username":"admin","password":"alta3"}}}' | python -m json.tool > curl_out
  353  vim curl_out 
  354  nano curl_out 
  355  clear
  356  vim curl_out 
  357  clear
  358  curl -v -X POST http://192.168.0.10:5000/v2.0/tokens -H "Content-Type: application/json" -d '{"auth":{"tenantName":"admin","passwordCredentials":{"username":"admin","password":"alta3"}}}' | less
  359  curl -v -X POST http://192.168.0.10:5000/v2.0/tokens -H "Content-Type: application/json" -d '{"auth":{"tenantName":"admin","passwordCredentials":{"username":"admin","password":"alta3"}}}' | python -m jason.tool | less
  360  curl -v -X POST http://192.168.0.10:5000/v2.0/tokens -H "Content-Type: application/json" -d '{"auth":{"tenantName":"admin","passwordCredentials":{"username":"admin","password":"alta3"}}}' | python -m jason.tool 
  361  nova flavor-create custom.shrimpy 6 512 2 1
  362  nova flavor-list
  363  source keystonerc_aliceanderson 
  364  nova flavor-list
  365  s
  366  clear
  367  source keystonerc_admin 
  368  nova flavor-create --is-public false secret.monster 8 125000 200 8
  369  nova flavor-list
  370  nova flavor-list --all
  371  nova help | grep flavor
  372  keystone user-get admin
  373  nova flavor-access-add 8 300b2cc45c3846939e589310ae714e46
  374  nova flavor-list
  375  keystone user-get aliceanderson
  376  nova flavor-access-add 8 22e243c87dc44a72b2132f8ced193731
  377  source keystonerc_aliceanderson 
  378  nova flavor-list
  379  source keystonerc_chestercopperpot 
  380  nova flavor-list
  381  nova image-list
  382  neutron net-list
  383  nova boot --flavor custom.shrimpy --image cirros --nic net-id=20ca30a2-e3fb-4e62-bd78-08dc471e93ed
  384  nova boot --flavor custom.shrimpy --image cirros --nic net-id=20ca30a2-e3fb-4e62-bd78-08dc471e93ed vt1
  385  nova list
  386  nova show vt1
  387  source keystonerc_admin
  388  nova list --all-tenants
  389  nova list
  390  keystone tenant-list
  391  nova diagnostics $VAR_UUID
  392  nova diagnostics 85a11a1515f94848be7aa5b56adec8bf
  393  nova diagnostics eaca514245c44309a21027fdf5390c5c
  394  nova diagnostics d25d7620-0309-4020-ad77-e3abc2905633
  395  keystone tenant-list
  396  nova list
  397  nova list -all-tenants
  398  nova list --all-tenants
  399  nova diagnostics d25d7620-0309-4020-ad77-e3abc2905633
  400  VAR_UUID=d25d7620-0309-4020-ad77-e3abc2905633
  401  nova show $VAR_UUID
  402  nova diagnostics $VAR_UUID
  403  nova meta $VAR_UUID set mtag1='vault_tek box'
  404  nova show $VAR_UUID
  405  nova meta $VAR_UUID set mtag2='uh oh I set this tag incorrectly'
  406  nova show $VAR_UUID
  407  nova meta $VAR_UUID delete metag2
  408  nova meta $VAR_UUID delete mtag2
  409  nova show $VAR_UUID
  410  nova stop $VAR_UUID
  411  nova rescue $VAR_UUID
  412  nova unrescue $VAR_UUID
  413  ifconfig -a
  414  hostname
  415  uname -a
  416  cat keystonerc_chestercopperpot 
  417  source keystonerc_chestercopperpot 
  418  nova secgroup-list
  419  nova secgroup-create http-ssh "Allowing http and ssh traffic"
  420  nova secgroup-add-rule http-ssh tcp 22 22 0.0.0.0/0
  421  nova secgroup-list-rules http-ssh
  422  nova secgroup-add-rule http-ssh tcp 80 80 0.0.0.0/0
  423  nova secgroup-list-rules http-ssh
  424  printenv | grep OS_
  425  neutron net-create vault-tek-network
  426  ls -ltr
  427  neutron subnet-create --name vault-tek-network-subnet-10 --gateway 10.10.0.1 vault-tek-network 10.10.0.0/24
  428  neutron router-create vault-tek-router
  429  neutron router-gateway-set vault-tek-router public
  430  neutron router-show f927261f-fedd-4167-81bf-55315660395c | less -S
  431  neutron router-show f927261f-fedd-4167-81bf-55315660395c 
  432  neutron router-inetrface-add vault-tek-router vault-tek-network-subnet-10
  433  neutron router-ineterface-add vault-tek-router vault-tek-network-subnet-10
  434  neutron router-interface-add vault-tek-router vault-tek-network-subnet-10
  435  neutron router-show f927261f-fedd-4167-81bf-55315660395c | less -S
  436  neutron router-port-list f927261f-fedd-4167-81bf-55315660395c
  437  neutron router-port-list f927261f-fedd-4167-81bf-55315660395c | less -S
  438  source keystonerc_admin 
  439  neutron subnet-list
  440  neutron subnet-list | less -S
  441  neutron subnet-show vault-tek-network-subnet-10
  442  source keystonerc_chestercopperpot 
  443  nova show vt2
  444  ssh root@neutron
  445  source .bashrc
  446  cd /var/log
  447  ls
  448  ls -la
  449  ls -la *.log
  450  cd nova
  451  ls -la
  452  cd ..
  453  ls /var/log/glance/
  454  cd nova
  455  ls
  456  ls -ltr
  457  tail nova-api.log 
  458  cd ..
  459  ls -p
  460  ssh root@compute1
  461  exit
  462  pwd
  463  ls
  464  source keystonerc_admin 
  465  glance image-list
  466  glance help image-list
  467  glance image-create --name cirros_alpha --disk-format qcow2 --container-format bare --is-public true --location https://download.cirros-cloud.net/0.3.4/cirros-0.3.4-x86_64-disk.img
  468  glance image-list
  469  neutron net-list
  470  nova boot --flavor custom.shrimpy --image cirror_alpha --nic net-id=20ca30a2-e3fb-4e62-bd78-08dc471e93ed admin_box
  471  nova boot --flavor custom.shrimpy --image cirrors_alpha --nic net-id=20ca30a2-e3fb-4e62-bd78-08dc471e93ed admin_box
  472  nova boot --flavor custom.shrimpy --image cirros_alpha --nic net-id=20ca30a2-e3fb-4e62-bd78-08dc471e93ed admin_box
  473  pvdisplay
  474  ls
  475  exit
  476  source keystonerc_chestercopperpot 
  477  cinder list
  478  nova list
  479  nova volume-detach 98cfb608-68ab-4863-b945-71f1d5fc2436 80bdaf89-c1ba-4a55-bd2a-10905981fa85 
  480  nova list
  481  cinder list
  482  cinder delete NASferatu
  483  history | grep create
  484  cinder create --display_name NASferatu 1
  485  cinder list
  486  nova list
  487  nova volume-attach 98cfb608-68ab-4863-b945-71f1d5fc2436 361bda17-4644-472e-8bb4-f38f233b0f86 auto
  488  cinder list
  489  nova volume-detach 98cfb608-68ab-4863-b945-71f1d5fc2436 361bda17-4644-472e-8bb4-f38f233b0f86 auto
  490  nova volume-detach 98cfb608-68ab-4863-b945-71f1d5fc2436 361bda17-4644-472e-8bb4-f38f233b0f86
  491  cinder list
  492  cinder delete NASferatu
  493  cinder list
  494  nova show vt2 | grep network
  495  neutron router-list | cut -c -59
  496  ssh root@neutron
  497  df -k
  498  cinder list
  499  cinder show
  500  cinder show cargo-bay
  501  cinder show cargo-bay | grepo dev
  502  cinder show cargo-bay | grep dev
  503  exit
  504  pwd
  505  mkdir ~/myopenstack
  506  cd myopenstack
  507  yum install git
  508  git config --global eric.kuo
  509  git config --global kuo1999@gmail.com
  510  git config --global --help
  511  git config --global
  512  git config --list
  513  git config -?
  514  git config --global -?
  515  git config --global kuo1999@gmail.com
  516  git config --global eric.kuo
  517  git config --global --list
  518  git config 
  519  git config -l
  520  git config --global -l
  521  whoami
  522  ifconfig -a
  523  clear
  524  pwd
  525  ls -la
  526  git
  527* git config --global 
  528  git config --global user.name "eric.kuo"
  529  git config --global user.email "kuo1999@gmail.com"
  530  git config --list
  531  ls -la
  532  git --config 
  533  git config --config ?
  534  git init
  535  ls -ltr
  536  ls -la
  537  cd .git
  538  ls
  539  ls -la
  540  vi config
  541  ls -lta
  542  grep eric *
  543  cd ..
  544  history > history.out
